<?xml version="1.0" encoding="UTF-8"?>
<testsuite xmlns:xsi="http://www.w3.org/2001/XMLSchema-instance" xsi:noNamespaceSchemaLocation="https://maven.apache.org/surefire/maven-surefire-plugin/xsd/surefire-test-report.xsd" version="3.0.2" name="com.example.order_system_nats.OrderSystemNatsApplicationTests" time="8.532" tests="1" errors="0" skipped="0" failures="0" flakes="0">
  <properties>
[...]
</properties>
  <testcase name="contextLoads" classname="com.example.order_system_nats.OrderSystemNatsApplicationTests" time="2.498">
    <system-out><![CDATA[20:09:11.872 [main] INFO org.springframework.test.context.support.AnnotationConfigContextLoaderUtils -- Could not detect default configuration classes for test class [com.example.order_system_nats.OrderSystemNatsApplicationTests]: OrderSystemNatsApplicationTests does not declare any static, non-private, non-final, nested classes annotated with @Configuration.
20:09:12.004 [main] INFO org.springframework.boot.test.context.SpringBootTestContextBootstrapper -- Found @SpringBootConfiguration com.example.order_system_nats.OrderSystemNatsApplication for test class com.example.order_system_nats.OrderSystemNatsApplicationTests
20:09:12.140 [main] INFO org.springframework.test.context.support.AnnotationConfigContextLoaderUtils -- Could not detect default configuration classes for test class [com.example.order_system_nats.OrderSystemNatsApplicationTests]: OrderSystemNatsApplicationTests does not declare any static, non-private, non-final, nested classes annotated with @Configuration.
20:09:12.142 [main] INFO org.springframework.boot.test.context.SpringBootTestContextBootstrapper -- Found @SpringBootConfiguration com.example.order_system_nats.OrderSystemNatsApplication for test class com.example.order_system_nats.OrderSystemNatsApplicationTests
20:09:12.310 [main] INFO org.springframework.boot.devtools.restart.RestartApplicationListener -- Restart disabled due to context in which it is running

  .   ____          _            __ _ _
 /\\ / ___'_ __ _ _(_)_ __  __ _ \ \ \ \
( ( )\___ | '_ | '_| | '_ \/ _` | \ \ \ \
 \\/  ___)| |_)| | | | | || (_| |  ) ) ) )
  '  |____| .__|_| |_|_| |_\__, | / / / /
 =========|_|==============|___/=/_/_/_/

 :: Spring Boot ::                (v4.0.5)

2026-03-29T20:09:13.270+02:00  INFO 31636 --- [order-system-nats] [           main] c.e.o.OrderSystemNatsApplicationTests    : Starting OrderSystemNatsApplicationTests using Java 17.0.12 with PID 31636 (started by tanya.agarwal in C:\Users\tanya.agarwal\Desktop\order-system-nats)
2026-03-29T20:09:13.276+02:00  INFO 31636 --- [order-system-nats] [           main] c.e.o.OrderSystemNatsApplicationTests    : No active profile set, falling back to 1 default profile: "default"
2026-03-29T20:09:17.434+02:00  INFO 31636 --- [order-system-nats] [           main] c.e.o.OrderSystemNatsApplicationTests    : Started OrderSystemNatsApplicationTests in 5.159 seconds (process running for 6.537)
]]></system-out>
  </testcase>
</testsuite>